Thu, 07 Apr 2022 17:17:09 GMT | INFO | app.log | HTTP Server listning on port 8081 | 
Thu, 07 Apr 2022 20:48:26 GMT | INFO | app.log | HTTP Server listning on port 8081 | 
Thu, 07 Apr 2022 20:49:18 GMT | INFO | app.log | HTTP Server listning on port 8081 | 
Thu, 07 Apr 2022 20:49:24 GMT | INFO | app.log | HTTP Server listning on port 8081 | 
Thu, 07 Apr 2022 20:49:28 GMT | INFO | app.log | HTTP Server listning on port 8081 | 
Thu, 07 Apr 2022 20:49:47 GMT | INFO | app.log | HTTP Server listning on port 8081 | 
Thu, 07 Apr 2022 20:49:50 GMT | INFO | app.log | HTTP Server listning on port 8081 | 
Thu, 07 Apr 2022 20:49:55 GMT | INFO | app.log | HTTP Server listning on port 8081 | 
Thu, 07 Apr 2022 20:50:00 GMT | INFO | app.log | HTTP Server listning on port 8081 | 
Thu, 07 Apr 2022 20:50:05 GMT | INFO | app.log | HTTP Server listning on port 8081 | 
Thu, 07 Apr 2022 20:50:51 GMT | INFO | app.log | HTTP Server listning on port 8081 | 
Thu, 07 Apr 2022 20:50:53 GMT | INFO | app.log | HTTP Server listning on port 8081 | 
Thu, 07 Apr 2022 20:53:41 GMT | INFO | app.log | HTTP Server listning on port 8081 | 
Thu, 07 Apr 2022 20:55:01 GMT | INFO | app.log | HTTP Server listning on port 8081 | 
Thu, 07 Apr 2022 20:55:07 GMT | INFO | app.log | HTTP Server listning on port 8081 | 
Thu, 07 Apr 2022 20:55:09 GMT | INFO | app.log | HTTP Server listning on port 8081 | 
Thu, 07 Apr 2022 20:55:13 GMT | INFO | app.log | HTTP Server listning on port 8081 | 
Thu, 07 Apr 2022 20:55:17 GMT | INFO | app.log | HTTP Server listning on port 8081 | 
Thu, 07 Apr 2022 20:55:43 GMT | INFO | app.log | HTTP Server listning on port 8081 | 
Thu, 07 Apr 2022 20:56:20 GMT | INFO | app.log | HTTP Server listning on port 8081 | 
Thu, 07 Apr 2022 20:56:31 GMT | INFO | app.log | HTTP Server listning on port 8081 | 
Thu, 07 Apr 2022 20:56:51 GMT | INFO | app.log | HTTP Server listning on port 8081 | 
Thu, 07 Apr 2022 20:57:02 GMT | INFO | app.log | HTTP Server listning on port 8081 | 
Thu, 07 Apr 2022 20:57:10 GMT | INFO | app.log | HTTP Server listning on port 8081 | 
Thu, 07 Apr 2022 20:57:28 GMT | INFO | app.log | HTTP Server listning on port 8081 | 
Thu, 07 Apr 2022 20:57:32 GMT | INFO | app.log | HTTP Server listning on port 8081 | 
Thu, 07 Apr 2022 20:57:48 GMT | INFO | app.log | HTTP Server listning on port 8081 | 
Thu, 07 Apr 2022 20:59:47 GMT | INFO | app.log | HTTP Server listning on port 8081 | 
Thu, 07 Apr 2022 21:00:25 GMT | INFO | app.log | HTTP Server listning on port 8081 | 
Thu, 07 Apr 2022 21:00:45 GMT | INFO | app.log | HTTP Server listning on port 8081 | 
Thu, 07 Apr 2022 21:00:47 GMT | INFO | app.log | HTTP Server listning on port 8081 | 
Thu, 07 Apr 2022 21:01:01 GMT | INFO | app.log | HTTP Server listning on port 8081 | 
Thu, 07 Apr 2022 21:01:04 GMT | INFO | app.log | HTTP Server listning on port 8081 | 
Thu, 07 Apr 2022 21:01:44 GMT | INFO | app.log | HTTP Server listning on port 8081 | 
Thu, 07 Apr 2022 21:02:49 GMT | INFO | app.log | HTTP Server listning on port 8081 | 
Thu, 07 Apr 2022 21:03:13 GMT | INFO | app.log | HTTP Server listning on port 8081 | 
Thu, 07 Apr 2022 21:04:21 GMT | INFO | app.log | HTTP Server listning on port 8081 | 
Thu, 07 Apr 2022 21:04:40 GMT | INFO | app.log | HTTP Server listning on port 8081 | 
Thu, 07 Apr 2022 21:05:01 GMT | INFO | app.log | HTTP Server listning on port 8081 | 
Fri, 08 Apr 2022 04:56:25 GMT | INFO | app.log | HTTP Server listning on port 8081 | 
Fri, 08 Apr 2022 05:05:29 GMT | INFO | app.log | HTTP Server listning on port 8081 | 
Fri, 08 Apr 2022 17:55:30 GMT | INFO | app.log | HTTP Server listning on port 8081 | 
Fri, 08 Apr 2022 18:55:16 GMT | INFO | app.log | HTTP Server listning on port 8081 | 
Fri, 08 Apr 2022 18:58:00 GMT | INFO | app.log | HTTP Server listning on port 8081 | 
Fri, 08 Apr 2022 19:22:31 GMT | INFO | app.log | HTTP Server listning on port 8081 | 
Fri, 08 Apr 2022 19:22:32 GMT | INFO | app.log | HTTP Server listning on port 8081 | 
Fri, 08 Apr 2022 19:24:16 GMT | INFO | app.log | HTTP Server listning on port 8081 | 
Fri, 08 Apr 2022 19:24:27 GMT | INFO | app.log | HTTP Server listning on port 8081 | 
Fri, 08 Apr 2022 19:37:09 GMT | INFO | app.log | HTTP Server listning on port 8081 | 
Fri, 08 Apr 2022 19:38:24 GMT | INFO | app.log | HTTP Server listning on port 8081 | 
Fri, 08 Apr 2022 19:38:43 GMT | INFO | app.log | HTTP Server listning on port 8081 | 
Fri, 08 Apr 2022 20:19:52 GMT | INFO | app.log | HTTP Server listning on port 8081 | 
Fri, 08 Apr 2022 20:20:34 GMT | INFO | app.log | HTTP Server listning on port 8081 | 
Fri, 08 Apr 2022 20:20:38 GMT | INFO | app.log | HTTP Server listning on port 8081 | 
Fri, 08 Apr 2022 20:21:03 GMT | INFO | app.log | HTTP Server listning on port 8081 | 
Fri, 08 Apr 2022 20:21:28 GMT | INFO | app.log | HTTP Server listning on port 8081 | 
Fri, 08 Apr 2022 20:21:37 GMT | INFO | app.log | HTTP Server listning on port 8081 | 
Fri, 08 Apr 2022 20:21:41 GMT | INFO | app.log | HTTP Server listning on port 8081 | 
Fri, 08 Apr 2022 20:22:28 GMT | INFO | app.log | HTTP Server listning on port 8081 | 
Fri, 08 Apr 2022 20:22:43 GMT | INFO | app.log | HTTP Server listning on port 8081 | 
Fri, 08 Apr 2022 20:23:00 GMT | INFO | app.log | HTTP Server listning on port 8081 | 
Fri, 08 Apr 2022 20:34:51 GMT | INFO | app.log | HTTP Server listning on port 8081 | 
Fri, 08 Apr 2022 20:34:54 GMT | INFO | app.log | HTTP Server listning on port 8081 | 
Fri, 08 Apr 2022 20:36:26 GMT | INFO | app.log | HTTP Server listning on port 8081 | 
Fri, 08 Apr 2022 20:37:07 GMT | INFO | app.log | HTTP Server listning on port 8081 | 
Fri, 08 Apr 2022 20:37:30 GMT | INFO | app.log | HTTP Server listning on port 8081 | 
Fri, 08 Apr 2022 20:38:02 GMT | INFO | app.log | HTTP Server listning on port 8081 | 
Fri, 08 Apr 2022 20:38:06 GMT | INFO | app.log | HTTP Server listning on port 8081 | 
Fri, 08 Apr 2022 20:38:33 GMT | INFO | app.log | HTTP Server listning on port 8081 | 
Fri, 08 Apr 2022 20:38:51 GMT | INFO | app.log | HTTP Server listning on port 8081 | 
Fri, 08 Apr 2022 20:39:48 GMT | INFO | app.log | HTTP Server listning on port 8081 | 
Fri, 08 Apr 2022 20:40:14 GMT | INFO | app.log | HTTP Server listning on port 8081 | 
Fri, 08 Apr 2022 20:42:35 GMT | INFO | app.log | HTTP Server listning on port 8081 | 
Fri, 08 Apr 2022 20:45:33 GMT | INFO | app.log | HTTP Server listning on port 8081 | 
Fri, 08 Apr 2022 20:45:37 GMT | INFO | app.log | HTTP Server listning on port 8081 | 
Fri, 08 Apr 2022 20:46:16 GMT | INFO | app.log | HTTP Server listning on port 8081 | 
Fri, 08 Apr 2022 20:46:52 GMT | INFO | app.log | HTTP Server listning on port 8081 | 
Fri, 08 Apr 2022 20:47:19 GMT | INFO | app.log | HTTP Server listning on port 8081 | 
Fri, 08 Apr 2022 20:49:30 GMT | INFO | app.log | HTTP Server listning on port 8081 | 
Fri, 08 Apr 2022 20:49:43 GMT | INFO | app.log | HTTP Server listning on port 8081 | 
Fri, 08 Apr 2022 20:52:26 GMT | INFO | app.log | HTTP Server listning on port 8081 | 
Fri, 08 Apr 2022 20:52:47 GMT | INFO | app.log | HTTP Server listning on port 8081 | 
Fri, 08 Apr 2022 20:54:37 GMT | INFO | app.log | HTTP Server listning on port 8081 | 
Fri, 08 Apr 2022 20:54:45 GMT | INFO | app.log | HTTP Server listning on port 8081 | 
Fri, 08 Apr 2022 20:54:56 GMT | INFO | app.log | HTTP Server listning on port 8081 | 
Fri, 08 Apr 2022 20:57:55 GMT | INFO | app.log | HTTP Server listning on port 8081 | 
Fri, 08 Apr 2022 20:58:47 GMT | INFO | app.log | HTTP Server listning on port 8081 | 
Fri, 08 Apr 2022 20:59:12 GMT | INFO | app.log | HTTP Server listning on port 8081 | 
Fri, 08 Apr 2022 20:59:15 GMT | INFO | app.log | HTTP Server listning on port 8081 | 
Fri, 08 Apr 2022 20:59:40 GMT | INFO | app.log | HTTP Server listning on port 8081 | 
Fri, 08 Apr 2022 20:59:47 GMT | INFO | app.log | HTTP Server listning on port 8081 | 
Fri, 08 Apr 2022 20:59:58 GMT | INFO | app.log | HTTP Server listning on port 8081 | 
Fri, 08 Apr 2022 21:00:18 GMT | INFO | app.log | HTTP Server listning on port 8081 | 
Fri, 08 Apr 2022 21:01:28 GMT | INFO | app.log | HTTP Server listning on port 8081 | 
Fri, 08 Apr 2022 21:01:55 GMT | INFO | app.log | HTTP Server listning on port 8081 | 
Fri, 08 Apr 2022 21:02:02 GMT | INFO | app.log | HTTP Server listning on port 8081 | 
Fri, 08 Apr 2022 21:02:04 GMT | INFO | app.log | HTTP Server listning on port 8081 | 
Fri, 08 Apr 2022 21:02:06 GMT | INFO | app.log | HTTP Server listning on port 8081 | 
Fri, 08 Apr 2022 21:02:35 GMT | INFO | app.log | HTTP Server listning on port 8081 | 
Fri, 08 Apr 2022 21:03:25 GMT | INFO | app.log | HTTP Server listning on port 8081 | 
Fri, 08 Apr 2022 21:03:28 GMT | INFO | app.log | HTTP Server listning on port 8081 | 
Fri, 08 Apr 2022 21:03:34 GMT | INFO | app.log | HTTP Server listning on port 8081 | 
Fri, 08 Apr 2022 21:04:19 GMT | INFO | app.log | HTTP Server listning on port 8081 | 
Fri, 08 Apr 2022 21:04:35 GMT | INFO | app.log | HTTP Server listning on port 8081 | 
Fri, 08 Apr 2022 21:05:17 GMT | INFO | app.log | HTTP Server listning on port 8081 | 
Fri, 08 Apr 2022 21:05:23 GMT | INFO | app.log | HTTP Server listning on port 8081 | 
Fri, 08 Apr 2022 21:05:31 GMT | INFO | app.log | HTTP Server listning on port 8081 | 
Fri, 08 Apr 2022 21:05:46 GMT | INFO | app.log | HTTP Server listning on port 8081 | 
Fri, 08 Apr 2022 21:06:19 GMT | INFO | app.log | HTTP Server listning on port 8081 | 
Fri, 08 Apr 2022 21:06:55 GMT | INFO | app.log | HTTP Server listning on port 8081 | 
Fri, 08 Apr 2022 21:07:00 GMT | INFO | app.log | HTTP Server listning on port 8081 | 
Fri, 08 Apr 2022 21:07:31 GMT | INFO | app.log | HTTP Server listning on port 8081 | 
Fri, 08 Apr 2022 21:07:43 GMT | INFO | app.log | HTTP Server listning on port 8081 | 
Fri, 08 Apr 2022 21:07:49 GMT | INFO | app.log | HTTP Server listning on port 8081 | 
Fri, 08 Apr 2022 21:07:50 GMT | INFO | app.log | HTTP Server listning on port 8081 | 
Fri, 08 Apr 2022 21:07:54 GMT | INFO | app.log | HTTP Server listning on port 8081 | 
Fri, 08 Apr 2022 21:08:02 GMT | INFO | app.log | HTTP Server listning on port 8081 | 
Fri, 08 Apr 2022 21:08:18 GMT | INFO | app.log | HTTP Server listning on port 8081 | 
Fri, 08 Apr 2022 21:09:11 GMT | INFO | app.log | HTTP Server listning on port 8081 | 
Fri, 08 Apr 2022 21:09:41 GMT | INFO | app.log | HTTP Server listning on port 8081 | 
Fri, 08 Apr 2022 21:09:44 GMT | INFO | app.log | HTTP Server listning on port 8081 | 
Fri, 08 Apr 2022 21:09:55 GMT | INFO | app.log | HTTP Server listning on port 8081 | 
Fri, 08 Apr 2022 21:10:04 GMT | INFO | app.log | HTTP Server listning on port 8081 | 
Fri, 08 Apr 2022 21:14:55 GMT | INFO | app.log | HTTP Server listning on port 8081 | 
Fri, 08 Apr 2022 21:18:24 GMT | INFO | app.log | HTTP Server listning on port 8081 | 
Sat, 09 Apr 2022 11:52:31 GMT | INFO | app.log | HTTP Server listning on port 8081 | 
Sat, 09 Apr 2022 13:16:26 GMT | INFO | app.log | HTTP Server listning on port 8081 | 
Sat, 09 Apr 2022 15:59:57 GMT | INFO | app.log | HTTP Server listning on port 8081 | 
Sat, 09 Apr 2022 16:00:19 GMT | INFO | app.log | HTTP Server listning on port 8081 | 
Sat, 09 Apr 2022 17:04:09 GMT | INFO | app.log | HTTP Server listning on port 8081 | 
Sat, 09 Apr 2022 17:04:53 GMT | INFO | app.log | HTTP Server listning on port 8081 | 
Sat, 09 Apr 2022 17:04:59 GMT | INFO | app.log | HTTP Server listning on port 8081 | 
Sat, 09 Apr 2022 17:05:10 GMT | INFO | app.log | HTTP Server listning on port 8081 | 
Sat, 09 Apr 2022 17:06:06 GMT | INFO | app.log | HTTP Server listning on port 8081 | 
Sat, 09 Apr 2022 17:07:48 GMT | INFO | app.log | HTTP Server listning on port 8081 | 
Sat, 09 Apr 2022 17:10:11 GMT | INFO | app.log | HTTP Server listning on port 8081 | 
Sat, 09 Apr 2022 17:10:14 GMT | INFO | app.log | HTTP Server listning on port 8081 | 
Sat, 09 Apr 2022 17:10:44 GMT | INFO | app.log | HTTP Server listning on port 8081 | 
Sat, 09 Apr 2022 17:21:04 GMT | INFO | app.log | HTTP Server listning on port 8081 | 
Sat, 09 Apr 2022 17:44:48 GMT | INFO | app.log | HTTP Server listning on port 8081 | 
Sat, 09 Apr 2022 17:45:08 GMT | INFO | app.log | HTTP Server listning on port 8081 | 
Sat, 09 Apr 2022 17:47:17 GMT | INFO | app.log | HTTP Server listning on port 8081 | 
Sat, 09 Apr 2022 17:47:25 GMT | INFO | app.log | HTTP Server listning on port 8081 | 
Sat, 09 Apr 2022 17:50:43 GMT | INFO | app.log | HTTP Server listning on port 8081 | 
Sat, 09 Apr 2022 19:31:42 GMT | INFO | app.log | HTTP Server listning on port 8081 | 
Sat, 09 Apr 2022 19:32:07 GMT | INFO | app.log | HTTP Server listning on port 8081 | 
Sat, 09 Apr 2022 19:35:09 GMT | INFO | app.log | HTTP Server listning on port 8081 | 
Sat, 09 Apr 2022 19:40:32 GMT | INFO | app.log | HTTP Server listning on port 8081 | 
Sat, 09 Apr 2022 19:40:57 GMT | INFO | app.log | HTTP Server listning on port 8081 | 
Sat, 09 Apr 2022 19:41:00 GMT | INFO | app.log | HTTP Server listning on port 8081 | 
Sat, 09 Apr 2022 19:41:14 GMT | INFO | app.log | HTTP Server listning on port 8081 | 
Sat, 09 Apr 2022 19:42:53 GMT | INFO | app.log | HTTP Server listning on port 8081 | 
Sat, 09 Apr 2022 19:43:00 GMT | INFO | app.log | HTTP Server listning on port 8081 | 
Sat, 09 Apr 2022 19:43:32 GMT | INFO | app.log | HTTP Server listning on port 8081 | 
Sat, 09 Apr 2022 19:45:50 GMT | INFO | app.log | HTTP Server listning on port 8081 | 
Sat, 09 Apr 2022 19:53:04 GMT | INFO | app.log | HTTP Server listning on port 8081 | 
Sat, 09 Apr 2022 20:01:09 GMT | INFO | app.log | HTTP Server listning on port 8081 | 
Sat, 09 Apr 2022 20:01:46 GMT | INFO | app.log | HTTP Server listning on port 8081 | 
Sat, 09 Apr 2022 20:22:33 GMT | INFO | app.log | HTTP Server listning on port 8081 | 
Sat, 09 Apr 2022 20:23:14 GMT | INFO | app.log | HTTP Server listning on port 8081 | 
Sat, 09 Apr 2022 20:25:47 GMT | INFO | app.log | HTTP Server listning on port 8081 | 
Sat, 09 Apr 2022 20:25:53 GMT | INFO | app.log | HTTP Server listning on port 8081 | 
Sat, 09 Apr 2022 20:26:36 GMT | INFO | app.log | HTTP Server listning on port 8081 | 
Sat, 09 Apr 2022 20:27:05 GMT | INFO | app.log | HTTP Server listning on port 8081 | 
Sat, 09 Apr 2022 20:27:36 GMT | INFO | app.log | HTTP Server listning on port 8081 | 
Sat, 09 Apr 2022 20:29:08 GMT | INFO | app.log | HTTP Server listning on port 8081 | 
Sat, 09 Apr 2022 20:29:12 GMT | INFO | app.log | HTTP Server listning on port 8081 | 
Sat, 09 Apr 2022 20:29:58 GMT | INFO | app.log | HTTP Server listning on port 8081 | 
Sat, 09 Apr 2022 20:31:18 GMT | INFO | app.log | HTTP Server listning on port 8081 | 
Sat, 09 Apr 2022 20:32:57 GMT | INFO | app.log | HTTP Server listning on port 8081 | 
Sat, 09 Apr 2022 20:33:12 GMT | INFO | app.log | HTTP Server listning on port 8081 | 
Sat, 09 Apr 2022 20:33:41 GMT | INFO | app.log | HTTP Server listning on port 8081 | 
Sat, 09 Apr 2022 20:33:46 GMT | INFO | app.log | HTTP Server listning on port 8081 | 
Sat, 09 Apr 2022 20:34:05 GMT | INFO | app.log | HTTP Server listning on port 8081 | 
Sat, 09 Apr 2022 20:34:14 GMT | INFO | app.log | HTTP Server listning on port 8081 | 
Sat, 09 Apr 2022 20:34:20 GMT | INFO | app.log | HTTP Server listning on port 8081 | 
Sat, 09 Apr 2022 20:34:25 GMT | INFO | app.log | HTTP Server listning on port 8081 | 
Sat, 09 Apr 2022 20:34:29 GMT | INFO | app.log | HTTP Server listning on port 8081 | 
Sat, 09 Apr 2022 20:34:33 GMT | INFO | app.log | HTTP Server listning on port 8081 | 
Sat, 09 Apr 2022 20:35:24 GMT | INFO | app.log | HTTP Server listning on port 8081 | 
Sat, 09 Apr 2022 20:35:36 GMT | INFO | app.log | HTTP Server listning on port 8081 | 
Sat, 09 Apr 2022 20:35:46 GMT | INFO | app.log | HTTP Server listning on port 8081 | 
Sat, 09 Apr 2022 20:36:01 GMT | INFO | app.log | HTTP Server listning on port 8081 | 
Sat, 09 Apr 2022 20:36:17 GMT | INFO | app.log | HTTP Server listning on port 8081 | 
Sat, 09 Apr 2022 20:36:23 GMT | INFO | app.log | HTTP Server listning on port 8081 | 
Sat, 09 Apr 2022 20:36:35 GMT | INFO | app.log | HTTP Server listning on port 8081 | 
Sat, 09 Apr 2022 20:37:07 GMT | INFO | app.log | HTTP Server listning on port 8081 | 
Sat, 09 Apr 2022 20:37:16 GMT | INFO | app.log | HTTP Server listning on port 8081 | 
Sat, 09 Apr 2022 20:37:29 GMT | INFO | app.log | HTTP Server listning on port 8081 | 
Sat, 09 Apr 2022 20:38:12 GMT | INFO | app.log | HTTP Server listning on port 8081 | 
Sat, 09 Apr 2022 20:38:26 GMT | INFO | app.log | HTTP Server listning on port 8081 | 
Sat, 09 Apr 2022 20:38:36 GMT | INFO | app.log | HTTP Server listning on port 8081 | 
Sat, 09 Apr 2022 20:38:44 GMT | INFO | app.log | HTTP Server listning on port 8081 | 
Sat, 09 Apr 2022 20:38:49 GMT | INFO | app.log | HTTP Server listning on port 8081 | 
Sat, 09 Apr 2022 20:38:56 GMT | INFO | app.log | HTTP Server listning on port 8081 | 
Sat, 09 Apr 2022 20:39:08 GMT | INFO | app.log | HTTP Server listning on port 8081 | 
Sat, 09 Apr 2022 20:41:54 GMT | INFO | app.log | HTTP Server listning on port 8081 | 
Sat, 09 Apr 2022 20:42:21 GMT | INFO | app.log | HTTP Server listning on port 8081 | 
Sat, 09 Apr 2022 20:43:36 GMT | INFO | app.log | HTTP Server listning on port 8081 | 
Sat, 09 Apr 2022 20:43:55 GMT | INFO | app.log | HTTP Server listning on port 8081 | 
Sat, 09 Apr 2022 20:44:01 GMT | INFO | app.log | HTTP Server listning on port 8081 | 
Sat, 09 Apr 2022 20:44:53 GMT | INFO | app.log | HTTP Server listning on port 8081 | 
Sat, 09 Apr 2022 20:46:31 GMT | INFO | app.log | HTTP Server listning on port 8081 | 
Sat, 09 Apr 2022 20:46:41 GMT | INFO | app.log | HTTP Server listning on port 8081 | 
Sat, 09 Apr 2022 20:46:53 GMT | INFO | app.log | HTTP Server listning on port 8081 | 
Sat, 09 Apr 2022 20:46:58 GMT | INFO | app.log | HTTP Server listning on port 8081 | 
Sat, 09 Apr 2022 20:47:38 GMT | INFO | app.log | HTTP Server listning on port 8081 | 
Sat, 09 Apr 2022 21:12:34 GMT | INFO | app.log | HTTP Server listning on port 8081 | 
Sat, 09 Apr 2022 21:18:06 GMT | INFO | app.log | HTTP Server listning on port 8081 | 
Sat, 09 Apr 2022 21:18:35 GMT | INFO | app.log | HTTP Server listning on port 8081 | 
Sat, 09 Apr 2022 21:23:59 GMT | INFO | app.log | HTTP Server listning on port 8081 | 
Sat, 09 Apr 2022 21:24:11 GMT | INFO | app.log | HTTP Server listning on port 8081 | 
Sat, 09 Apr 2022 21:24:30 GMT | INFO | app.log | HTTP Server listning on port 8081 | 
Sat, 09 Apr 2022 21:24:50 GMT | INFO | app.log | HTTP Server listning on port 8081 | 
Sat, 09 Apr 2022 21:25:01 GMT | INFO | app.log | HTTP Server listning on port 8081 | 
Sat, 09 Apr 2022 21:25:53 GMT | INFO | app.log | HTTP Server listning on port 8081 | 
Sat, 09 Apr 2022 21:26:04 GMT | INFO | app.log | HTTP Server listning on port 8081 | 
Sat, 09 Apr 2022 21:26:41 GMT | INFO | app.log | HTTP Server listning on port 8081 | 
Sat, 09 Apr 2022 21:27:05 GMT | INFO | app.log | HTTP Server listning on port 8081 | 
Sat, 09 Apr 2022 21:27:09 GMT | INFO | app.log | HTTP Server listning on port 8081 | 
Sat, 09 Apr 2022 21:27:50 GMT | INFO | app.log | HTTP Server listning on port 8081 | 
Sat, 09 Apr 2022 21:27:54 GMT | INFO | app.log | HTTP Server listning on port 8081 | 
Sat, 09 Apr 2022 21:30:54 GMT | INFO | app.log | HTTP Server listning on port 8081 | 
Sat, 09 Apr 2022 21:31:00 GMT | INFO | app.log | HTTP Server listning on port 8081 | 
Sat, 09 Apr 2022 21:31:47 GMT | INFO | app.log | HTTP Server listning on port 8081 | 
Sat, 09 Apr 2022 21:32:22 GMT | INFO | app.log | HTTP Server listning on port 8081 | 
Sat, 09 Apr 2022 21:32:28 GMT | INFO | app.log | HTTP Server listning on port 8081 | 
Sat, 09 Apr 2022 21:32:52 GMT | INFO | app.log | HTTP Server listning on port 8081 | 
Sat, 09 Apr 2022 21:32:54 GMT | INFO | app.log | HTTP Server listning on port 8081 | 
Sat, 09 Apr 2022 21:32:57 GMT | INFO | app.log | HTTP Server listning on port 8081 | 
Sat, 09 Apr 2022 21:33:14 GMT | INFO | app.log | HTTP Server listning on port 8081 | 
Sat, 09 Apr 2022 21:33:31 GMT | INFO | app.log | HTTP Server listning on port 8081 | 
Sat, 09 Apr 2022 21:35:52 GMT | INFO | app.log | HTTP Server listning on port 8081 | 
Sat, 09 Apr 2022 21:35:55 GMT | INFO | app.log | HTTP Server listning on port 8081 | 
Sat, 09 Apr 2022 21:36:00 GMT | INFO | app.log | HTTP Server listning on port 8081 | 
Sat, 09 Apr 2022 21:36:14 GMT | INFO | app.log | HTTP Server listning on port 8081 | 
Sat, 09 Apr 2022 21:36:19 GMT | INFO | app.log | HTTP Server listning on port 8081 | 
Sat, 09 Apr 2022 21:36:35 GMT | INFO | app.log | HTTP Server listning on port 8081 | 
Sat, 09 Apr 2022 21:39:58 GMT | INFO | app.log | HTTP Server listning on port 8081 | 
Sat, 09 Apr 2022 21:40:18 GMT | INFO | app.log | HTTP Server listning on port 8081 | 
Sat, 09 Apr 2022 21:41:02 GMT | INFO | app.log | HTTP Server listning on port 8081 | 
Sat, 09 Apr 2022 21:41:05 GMT | INFO | app.log | HTTP Server listning on port 8081 | 
Sat, 09 Apr 2022 21:41:15 GMT | INFO | app.log | HTTP Server listning on port 8081 | 
Sat, 09 Apr 2022 21:41:17 GMT | INFO | app.log | HTTP Server listning on port 8081 | 
Sat, 09 Apr 2022 21:41:35 GMT | INFO | app.log | HTTP Server listning on port 8081 | 
Sat, 09 Apr 2022 21:41:51 GMT | INFO | app.log | HTTP Server listning on port 8081 | 
Sat, 09 Apr 2022 21:42:07 GMT | INFO | app.log | HTTP Server listning on port 8081 | 
Sat, 09 Apr 2022 21:42:19 GMT | INFO | app.log | HTTP Server listning on port 8081 | 
Sat, 09 Apr 2022 21:43:00 GMT | INFO | app.log | HTTP Server listning on port 8081 | 
Sat, 09 Apr 2022 21:43:35 GMT | INFO | app.log | HTTP Server listning on port 8081 | 
Sat, 09 Apr 2022 21:43:52 GMT | INFO | app.log | HTTP Server listning on port 8081 | 
Sat, 09 Apr 2022 21:44:04 GMT | INFO | app.log | HTTP Server listning on port 8081 | 
Sat, 09 Apr 2022 21:44:14 GMT | INFO | app.log | HTTP Server listning on port 8081 | 
Sat, 09 Apr 2022 21:44:23 GMT | INFO | app.log | HTTP Server listning on port 8081 | 
Sat, 09 Apr 2022 21:44:33 GMT | INFO | app.log | HTTP Server listning on port 8081 | 
Sat, 09 Apr 2022 21:45:02 GMT | INFO | app.log | HTTP Server listning on port 8081 | 
Sat, 09 Apr 2022 21:45:07 GMT | INFO | app.log | HTTP Server listning on port 8081 | 
Sat, 09 Apr 2022 21:45:26 GMT | INFO | app.log | HTTP Server listning on port 8081 | 
Sat, 09 Apr 2022 21:45:39 GMT | INFO | app.log | HTTP Server listning on port 8081 | 
Sat, 09 Apr 2022 21:46:06 GMT | INFO | app.log | HTTP Server listning on port 8081 | 
Sat, 09 Apr 2022 21:46:34 GMT | INFO | app.log | HTTP Server listning on port 8081 | 
Sat, 09 Apr 2022 21:47:06 GMT | INFO | app.log | HTTP Server listning on port 8081 | 
Sat, 09 Apr 2022 21:49:51 GMT | INFO | app.log | HTTP Server listning on port 8081 | 
Sat, 09 Apr 2022 21:49:53 GMT | INFO | app.log | HTTP Server listning on port 8081 | 
Sat, 09 Apr 2022 21:50:58 GMT | INFO | app.log | HTTP Server listning on port 8081 | 
Sat, 09 Apr 2022 21:52:00 GMT | INFO | app.log | HTTP Server listning on port 8081 | 
Sat, 09 Apr 2022 21:52:08 GMT | INFO | app.log | HTTP Server listning on port 8081 | 
Sat, 09 Apr 2022 21:52:19 GMT | INFO | app.log | HTTP Server listning on port 8081 | 
Sat, 09 Apr 2022 21:52:22 GMT | INFO | app.log | HTTP Server listning on port 8081 | 
Sat, 09 Apr 2022 21:52:57 GMT | INFO | app.log | HTTP Server listning on port 8081 | 
Sat, 09 Apr 2022 21:53:28 GMT | INFO | app.log | HTTP Server listning on port 8081 | 
Sat, 09 Apr 2022 21:53:35 GMT | INFO | app.log | HTTP Server listning on port 8081 | 
Sat, 09 Apr 2022 21:53:46 GMT | INFO | app.log | HTTP Server listning on port 8081 | 
Sun, 10 Apr 2022 08:21:41 GMT | INFO | app.log | HTTP Server listning on port 8081 | 
Sun, 10 Apr 2022 09:13:03 GMT | INFO | app.log | HTTP Server listning on port 8081 | 
Sun, 10 Apr 2022 09:27:23 GMT | INFO | app.log | HTTP Server listning on port 8081 | 
Sun, 10 Apr 2022 09:30:40 GMT | INFO | app.log | HTTP Server listning on port 8081 | 
Sun, 10 Apr 2022 09:32:00 GMT | INFO | app.log | HTTP Server listning on port 8081 | 
Sun, 10 Apr 2022 09:34:02 GMT | INFO | app.log | HTTP Server listning on port 8081 | 
Sun, 10 Apr 2022 09:35:28 GMT | INFO | app.log | HTTP Server listning on port 8081 | 
Sun, 10 Apr 2022 09:38:57 GMT | INFO | app.log | HTTP Server listning on port 8081 | 
Sun, 10 Apr 2022 09:43:23 GMT | INFO | app.log | HTTP Server listning on port 8081 | 
Sun, 10 Apr 2022 09:44:13 GMT | INFO | app.log | HTTP Server listning on port 8081 | 
Sun, 10 Apr 2022 09:46:41 GMT | INFO | app.log | HTTP Server listning on port 8081 | 
Sun, 10 Apr 2022 09:48:18 GMT | INFO | app.log | HTTP Server listning on port 8081 | 
Sun, 10 Apr 2022 09:48:42 GMT | INFO | app.log | HTTP Server listning on port 8081 | 
Sun, 10 Apr 2022 09:50:14 GMT | INFO | app.log | HTTP Server listning on port 8081 | 
Sun, 10 Apr 2022 09:50:29 GMT | INFO | app.log | HTTP Server listning on port 8081 | 
Sun, 10 Apr 2022 09:50:34 GMT | INFO | app.log | HTTP Server listning on port 8081 | 
Sun, 10 Apr 2022 09:50:37 GMT | INFO | app.log | HTTP Server listning on port 8081 | 
Sun, 10 Apr 2022 09:50:41 GMT | INFO | app.log | HTTP Server listning on port 8081 | 
Sun, 10 Apr 2022 09:51:27 GMT | INFO | app.log | HTTP Server listning on port 8081 | 
Sun, 10 Apr 2022 09:51:41 GMT | INFO | app.log | HTTP Server listning on port 8081 | 
Sun, 10 Apr 2022 09:51:47 GMT | INFO | app.log | HTTP Server listning on port 8081 | 
Sun, 10 Apr 2022 09:54:19 GMT | INFO | app.log | HTTP Server listning on port 8081 | 
Sun, 10 Apr 2022 09:55:02 GMT | INFO | app.log | HTTP Server listning on port 8081 | 
Sun, 10 Apr 2022 09:55:12 GMT | INFO | app.log | HTTP Server listning on port 8081 | 
Sun, 10 Apr 2022 09:55:25 GMT | INFO | app.log | HTTP Server listning on port 8081 | 
Sun, 10 Apr 2022 09:58:29 GMT | INFO | app.log | HTTP Server listning on port 8081 | 
Sun, 10 Apr 2022 10:02:28 GMT | INFO | app.log | HTTP Server listning on port 8081 | 
Sun, 10 Apr 2022 10:03:12 GMT | INFO | app.log | HTTP Server listning on port 8081 | 
Sun, 10 Apr 2022 10:04:07 GMT | INFO | app.log | HTTP Server listning on port 8081 | 
Sun, 10 Apr 2022 10:04:16 GMT | INFO | app.log | HTTP Server listning on port 8081 | 
Sun, 10 Apr 2022 10:05:22 GMT | INFO | app.log | HTTP Server listning on port 8081 | 
Sun, 10 Apr 2022 10:05:52 GMT | INFO | app.log | HTTP Server listning on port 8081 | 
Sun, 10 Apr 2022 10:06:42 GMT | INFO | app.log | HTTP Server listning on port 8081 | 
Sun, 10 Apr 2022 10:07:04 GMT | INFO | app.log | HTTP Server listning on port 8081 | 
Sun, 10 Apr 2022 10:08:08 GMT | INFO | app.log | HTTP Server listning on port 8081 | 
Sun, 10 Apr 2022 10:09:17 GMT | INFO | app.log | HTTP Server listning on port 8081 | 
Sun, 10 Apr 2022 10:09:36 GMT | INFO | app.log | HTTP Server listning on port 8081 | 
Sun, 10 Apr 2022 10:11:27 GMT | INFO | app.log | HTTP Server listning on port 8081 | 
Sun, 10 Apr 2022 10:11:34 GMT | INFO | app.log | HTTP Server listning on port 8081 | 
Sun, 10 Apr 2022 10:11:43 GMT | INFO | app.log | HTTP Server listning on port 8081 | 
Sun, 10 Apr 2022 10:12:10 GMT | INFO | app.log | HTTP Server listning on port 8081 | 
Sun, 10 Apr 2022 10:13:18 GMT | INFO | app.log | HTTP Server listning on port 8081 | 
Sun, 10 Apr 2022 10:14:33 GMT | INFO | app.log | HTTP Server listning on port 8081 | 
Sun, 10 Apr 2022 10:14:50 GMT | INFO | app.log | HTTP Server listning on port 8081 | 
Sun, 10 Apr 2022 10:15:05 GMT | INFO | app.log | HTTP Server listning on port 8081 | 
Sun, 10 Apr 2022 10:15:30 GMT | INFO | app.log | HTTP Server listning on port 8081 | 
Sun, 10 Apr 2022 10:15:32 GMT | INFO | app.log | HTTP Server listning on port 8081 | 
Sun, 10 Apr 2022 10:15:54 GMT | INFO | app.log | HTTP Server listning on port 8081 | 
Sun, 10 Apr 2022 10:16:57 GMT | INFO | app.log | HTTP Server listning on port 8081 | 
Sun, 10 Apr 2022 10:17:04 GMT | INFO | app.log | HTTP Server listning on port 8081 | 
Sun, 10 Apr 2022 10:17:43 GMT | INFO | app.log | HTTP Server listning on port 8081 | 
Sun, 10 Apr 2022 10:18:31 GMT | INFO | app.log | HTTP Server listning on port 8081 | 
Sun, 10 Apr 2022 10:19:10 GMT | INFO | app.log | HTTP Server listning on port 8081 | 
Sun, 10 Apr 2022 10:20:25 GMT | INFO | app.log | HTTP Server listning on port 8081 | 
Sun, 10 Apr 2022 10:20:33 GMT | INFO | app.log | HTTP Server listning on port 8081 | 
Sun, 10 Apr 2022 10:21:46 GMT | INFO | app.log | HTTP Server listning on port 8081 | 
Sun, 10 Apr 2022 10:23:20 GMT | INFO | app.log | HTTP Server listning on port 8081 | 
Sun, 10 Apr 2022 10:24:01 GMT | INFO | app.log | HTTP Server listning on port 8081 | 
Sun, 10 Apr 2022 10:24:43 GMT | INFO | app.log | HTTP Server listning on port 8081 | 
Sun, 10 Apr 2022 10:24:59 GMT | INFO | app.log | HTTP Server listning on port 8081 | 
Sun, 10 Apr 2022 10:25:51 GMT | INFO | app.log | HTTP Server listning on port 8081 | 
Sun, 10 Apr 2022 10:26:07 GMT | INFO | app.log | HTTP Server listning on port 8081 | 
Sun, 10 Apr 2022 10:30:19 GMT | INFO | app.log | HTTP Server listning on port 8081 | 
Sun, 10 Apr 2022 10:32:20 GMT | INFO | app.log | HTTP Server listning on port 8081 | 
Sun, 10 Apr 2022 10:36:37 GMT | INFO | app.log | HTTP Server listning on port 8081 | 
Sun, 10 Apr 2022 11:19:50 GMT | INFO | app.log | HTTP Server listning on port 8081 | 
Sun, 10 Apr 2022 11:20:51 GMT | INFO | app.log | HTTP Server listning on port 8081 | 
Sun, 10 Apr 2022 18:39:25 GMT | INFO | app.log | HTTP Server listning on port 8081 | 
Sun, 10 Apr 2022 18:39:43 GMT | INFO | app.log | HTTP Server listning on port 8081 | 
Sun, 10 Apr 2022 18:39:52 GMT | INFO | app.log | HTTP Server listning on port 8081 | 
Sun, 10 Apr 2022 18:40:04 GMT | INFO | app.log | HTTP Server listning on port 8081 | 
Sun, 10 Apr 2022 18:40:11 GMT | INFO | app.log | HTTP Server listning on port 8081 | 
Sun, 10 Apr 2022 18:46:23 GMT | INFO | app.log | HTTP Server listning on port 8081 | 
Sun, 10 Apr 2022 19:01:21 GMT | INFO | app.log | HTTP Server listning on port 8081 | 
Sun, 10 Apr 2022 19:01:53 GMT | INFO | app.log | HTTP Server listning on port 8081 | 
Sun, 10 Apr 2022 19:02:05 GMT | INFO | app.log | HTTP Server listning on port 8081 | 
Sun, 10 Apr 2022 19:02:34 GMT | INFO | app.log | HTTP Server listning on port 8081 | 
Sun, 10 Apr 2022 19:02:55 GMT | INFO | app.log | HTTP Server listning on port 8081 | 
Sun, 10 Apr 2022 19:03:53 GMT | INFO | app.log | HTTP Server listning on port 8081 | 
Sun, 10 Apr 2022 19:04:11 GMT | INFO | app.log | HTTP Server listning on port 8081 | 
Sun, 10 Apr 2022 19:04:14 GMT | INFO | app.log | HTTP Server listning on port 8081 | 
Sun, 10 Apr 2022 19:04:17 GMT | INFO | app.log | HTTP Server listning on port 8081 | 
Sun, 10 Apr 2022 19:23:56 GMT | INFO | app.log | HTTP Server listning on port 8081 | 
Sun, 10 Apr 2022 19:24:51 GMT | INFO | app.log | HTTP Server listning on port 8081 | 
Sun, 10 Apr 2022 19:24:58 GMT | INFO | app.log | HTTP Server listning on port 8081 | 
Sun, 10 Apr 2022 19:27:35 GMT | INFO | app.log | HTTP Server listning on port 8081 | 
Sun, 10 Apr 2022 19:27:49 GMT | INFO | app.log | HTTP Server listning on port 8081 | 
Sun, 10 Apr 2022 19:28:33 GMT | INFO | app.log | HTTP Server listning on port 8081 | 
Sun, 10 Apr 2022 19:29:16 GMT | INFO | app.log | HTTP Server listning on port 8081 | 
Sun, 10 Apr 2022 19:29:34 GMT | INFO | app.log | HTTP Server listning on port 8081 | 
Sun, 10 Apr 2022 19:30:01 GMT | INFO | app.log | HTTP Server listning on port 8081 | 
Sun, 10 Apr 2022 19:30:11 GMT | INFO | app.log | HTTP Server listning on port 8081 | 
Sun, 10 Apr 2022 19:30:14 GMT | INFO | app.log | HTTP Server listning on port 8081 | 
Sun, 10 Apr 2022 19:30:16 GMT | INFO | app.log | HTTP Server listning on port 8081 | 
Sun, 10 Apr 2022 19:30:19 GMT | INFO | app.log | HTTP Server listning on port 8081 | 
Sun, 10 Apr 2022 19:30:24 GMT | INFO | app.log | HTTP Server listning on port 8081 | 
Sun, 10 Apr 2022 19:31:22 GMT | INFO | app.log | HTTP Server listning on port 8081 | 
Sun, 10 Apr 2022 19:40:14 GMT | INFO | app.log | HTTP Server listning on port 8081 | 
Sun, 10 Apr 2022 19:40:32 GMT | INFO | app.log | HTTP Server listning on port 8081 | 
Sun, 10 Apr 2022 19:41:33 GMT | INFO | app.log | HTTP Server listning on port 8081 | 
Sun, 10 Apr 2022 19:41:42 GMT | INFO | app.log | HTTP Server listning on port 8081 | 
Sun, 10 Apr 2022 19:43:20 GMT | INFO | app.log | HTTP Server listning on port 8081 | 
Sun, 10 Apr 2022 19:43:47 GMT | INFO | app.log | HTTP Server listning on port 8081 | 
Sun, 10 Apr 2022 19:44:01 GMT | INFO | app.log | HTTP Server listning on port 8081 | 
Sun, 10 Apr 2022 19:58:13 GMT | INFO | app.log | HTTP Server listning on port 8081 | 
Sun, 10 Apr 2022 19:58:18 GMT | INFO | app.log | HTTP Server listning on port 8081 | 
Sun, 10 Apr 2022 19:58:31 GMT | INFO | app.log | HTTP Server listning on port 8081 | 
Sun, 10 Apr 2022 19:58:36 GMT | INFO | app.log | HTTP Server listning on port 8081 | 
Sun, 10 Apr 2022 19:58:40 GMT | INFO | app.log | HTTP Server listning on port 8081 | 
Sun, 10 Apr 2022 19:59:15 GMT | INFO | app.log | HTTP Server listning on port 8081 | 
Sun, 10 Apr 2022 19:59:27 GMT | INFO | app.log | HTTP Server listning on port 8081 | 
Sun, 10 Apr 2022 19:59:52 GMT | INFO | app.log | HTTP Server listning on port 8081 | 
Sun, 10 Apr 2022 20:00:06 GMT | INFO | app.log | HTTP Server listning on port 8081 | 
Mon, 11 Apr 2022 18:29:21 GMT | INFO | app.log | HTTP Server listning on port 8081 | 
Mon, 11 Apr 2022 18:39:42 GMT | INFO | app.log | HTTP Server listning on port 8081 | 
Mon, 11 Apr 2022 18:39:54 GMT | INFO | app.log | HTTP Server listning on port 8081 | 
Mon, 11 Apr 2022 18:42:32 GMT | INFO | app.log | HTTP Server listning on port 8081 | 
Mon, 11 Apr 2022 18:43:19 GMT | INFO | app.log | HTTP Server listning on port 8081 | 
Mon, 11 Apr 2022 18:48:37 GMT | INFO | app.log | HTTP Server listning on port 8081 | 
Mon, 11 Apr 2022 18:49:06 GMT | INFO | app.log | HTTP Server listning on port 8081 | 
Mon, 11 Apr 2022 18:49:18 GMT | INFO | app.log | HTTP Server listning on port 8081 | 
Mon, 11 Apr 2022 18:50:46 GMT | INFO | app.log | HTTP Server listning on port 8081 | 
Mon, 11 Apr 2022 18:50:51 GMT | INFO | app.log | HTTP Server listning on port 8081 | 
Mon, 11 Apr 2022 18:50:58 GMT | INFO | app.log | HTTP Server listning on port 8081 | 
Mon, 11 Apr 2022 18:51:26 GMT | INFO | app.log | HTTP Server listning on port 8081 | 
Mon, 11 Apr 2022 18:52:46 GMT | INFO | app.log | HTTP Server listning on port 8081 | 
Mon, 11 Apr 2022 18:54:31 GMT | INFO | app.log | HTTP Server listning on port 8081 | 
Mon, 11 Apr 2022 18:54:36 GMT | INFO | app.log | HTTP Server listning on port 8081 | 
Mon, 11 Apr 2022 18:55:40 GMT | INFO | app.log | HTTP Server listning on port 8081 | 
Mon, 11 Apr 2022 18:55:50 GMT | INFO | app.log | HTTP Server listning on port 8081 | 
Mon, 11 Apr 2022 18:56:26 GMT | INFO | app.log | HTTP Server listning on port 8081 | 
Mon, 11 Apr 2022 18:56:35 GMT | INFO | app.log | HTTP Server listning on port 8081 | 
Mon, 11 Apr 2022 18:56:40 GMT | INFO | app.log | HTTP Server listning on port 8081 | 
Mon, 11 Apr 2022 19:26:40 GMT | INFO | app.log | HTTP Server listning on port 8081 | 
Mon, 11 Apr 2022 19:28:48 GMT | INFO | app.log | HTTP Server listning on port 8081 | 
Mon, 11 Apr 2022 19:29:01 GMT | INFO | app.log | HTTP Server listning on port 8081 | 
Mon, 11 Apr 2022 19:29:17 GMT | INFO | app.log | HTTP Server listning on port 8081 | 
Mon, 11 Apr 2022 19:30:14 GMT | INFO | app.log | HTTP Server listning on port 8081 | 
Mon, 11 Apr 2022 19:30:22 GMT | INFO | app.log | HTTP Server listning on port 8081 | 
Mon, 11 Apr 2022 19:30:50 GMT | INFO | app.log | HTTP Server listning on port 8081 | 
Mon, 11 Apr 2022 19:31:36 GMT | INFO | app.log | HTTP Server listning on port 8081 | 
Mon, 11 Apr 2022 19:31:48 GMT | INFO | app.log | HTTP Server listning on port 8081 | 
Mon, 11 Apr 2022 19:32:26 GMT | INFO | app.log | HTTP Server listning on port 8081 | 
Mon, 11 Apr 2022 19:32:59 GMT | INFO | app.log | HTTP Server listning on port 8081 | 
Mon, 11 Apr 2022 19:33:11 GMT | INFO | app.log | HTTP Server listning on port 8081 | 
Mon, 11 Apr 2022 19:40:28 GMT | INFO | app.log | HTTP Server listning on port 8081 | 
Mon, 11 Apr 2022 19:42:15 GMT | INFO | app.log | HTTP Server listning on port 8081 | 
Mon, 11 Apr 2022 19:42:22 GMT | INFO | app.log | HTTP Server listning on port 8081 | 
Mon, 11 Apr 2022 19:43:29 GMT | INFO | app.log | HTTP Server listning on port 8081 | 
Mon, 11 Apr 2022 19:44:54 GMT | INFO | app.log | HTTP Server listning on port 8081 | 
Mon, 11 Apr 2022 19:44:56 GMT | INFO | app.log | HTTP Server listning on port 8081 | 
Mon, 11 Apr 2022 19:46:06 GMT | INFO | app.log | HTTP Server listning on port 8081 | 
Mon, 11 Apr 2022 19:46:22 GMT | INFO | app.log | HTTP Server listning on port 8081 | 
Mon, 11 Apr 2022 19:46:33 GMT | INFO | app.log | HTTP Server listning on port 8081 | 
Mon, 11 Apr 2022 19:48:26 GMT | INFO | app.log | HTTP Server listning on port 8081 | 
Mon, 11 Apr 2022 19:49:18 GMT | INFO | app.log | HTTP Server listning on port 8081 | 
Mon, 11 Apr 2022 19:52:22 GMT | INFO | app.log | HTTP Server listning on port 8081 | 
Mon, 11 Apr 2022 19:53:54 GMT | INFO | app.log | HTTP Server listning on port 8081 | 
Mon, 11 Apr 2022 19:58:01 GMT | INFO | app.log | HTTP Server listning on port 8081 | 
Mon, 11 Apr 2022 19:58:33 GMT | INFO | app.log | HTTP Server listning on port 8081 | 
Mon, 11 Apr 2022 19:58:47 GMT | INFO | app.log | HTTP Server listning on port 8081 | 
Mon, 11 Apr 2022 20:00:50 GMT | INFO | app.log | HTTP Server listning on port 8081 | 
Mon, 11 Apr 2022 20:02:28 GMT | INFO | app.log | HTTP Server listning on port 8081 | 
Mon, 11 Apr 2022 20:02:38 GMT | INFO | app.log | HTTP Server listning on port 8081 | 
Mon, 11 Apr 2022 20:02:57 GMT | INFO | app.log | HTTP Server listning on port 8081 | 
Mon, 11 Apr 2022 20:03:07 GMT | INFO | app.log | HTTP Server listning on port 8081 | 
Mon, 11 Apr 2022 20:03:23 GMT | INFO | app.log | HTTP Server listning on port 8081 | 
Mon, 11 Apr 2022 20:44:23 GMT | INFO | app.log | HTTP Server listning on port 8081 | 
Mon, 11 Apr 2022 20:44:37 GMT | INFO | app.log | HTTP Server listning on port 8081 | 
Mon, 11 Apr 2022 20:45:58 GMT | INFO | app.log | HTTP Server listning on port 8081 | 
Mon, 11 Apr 2022 20:46:06 GMT | INFO | app.log | HTTP Server listning on port 8081 | 
Mon, 11 Apr 2022 20:48:05 GMT | INFO | app.log | HTTP Server listning on port 8081 | 
Mon, 11 Apr 2022 20:48:23 GMT | INFO | app.log | HTTP Server listning on port 8081 | 
Mon, 11 Apr 2022 20:48:32 GMT | INFO | app.log | HTTP Server listning on port 8081 | 
Mon, 11 Apr 2022 20:48:43 GMT | INFO | app.log | HTTP Server listning on port 8081 | 
Mon, 11 Apr 2022 20:48:59 GMT | INFO | app.log | HTTP Server listning on port 8081 | 
Mon, 11 Apr 2022 20:50:29 GMT | INFO | app.log | HTTP Server listning on port 8081 | 
Mon, 11 Apr 2022 20:50:39 GMT | INFO | app.log | HTTP Server listning on port 8081 | 
Mon, 11 Apr 2022 20:50:49 GMT | INFO | app.log | HTTP Server listning on port 8081 | 
Mon, 11 Apr 2022 20:51:09 GMT | INFO | app.log | HTTP Server listning on port 8081 | 
Mon, 11 Apr 2022 20:51:53 GMT | INFO | app.log | HTTP Server listning on port 8081 | 
Mon, 11 Apr 2022 20:52:37 GMT | INFO | app.log | HTTP Server listning on port 8081 | 
Mon, 11 Apr 2022 20:52:49 GMT | INFO | app.log | HTTP Server listning on port 8081 | 
Mon, 11 Apr 2022 20:53:25 GMT | INFO | app.log | HTTP Server listning on port 8081 | 
Mon, 11 Apr 2022 20:54:51 GMT | INFO | app.log | HTTP Server listning on port 8081 | 
Mon, 11 Apr 2022 20:55:34 GMT | INFO | app.log | HTTP Server listning on port 8081 | 
Mon, 11 Apr 2022 20:55:41 GMT | INFO | app.log | HTTP Server listning on port 8081 | 
Mon, 11 Apr 2022 20:56:55 GMT | INFO | app.log | HTTP Server listning on port 8081 | 
Mon, 11 Apr 2022 20:57:30 GMT | INFO | app.log | HTTP Server listning on port 8081 | 
Mon, 11 Apr 2022 20:57:47 GMT | INFO | app.log | HTTP Server listning on port 8081 | 
Mon, 11 Apr 2022 20:58:09 GMT | INFO | app.log | HTTP Server listning on port 8081 | 
Mon, 11 Apr 2022 20:58:29 GMT | INFO | app.log | HTTP Server listning on port 8081 | 
Mon, 11 Apr 2022 20:58:34 GMT | INFO | app.log | HTTP Server listning on port 8081 | 
Mon, 11 Apr 2022 20:58:39 GMT | INFO | app.log | HTTP Server listning on port 8081 | 
Mon, 11 Apr 2022 20:58:48 GMT | INFO | app.log | HTTP Server listning on port 8081 | 
Mon, 11 Apr 2022 20:59:20 GMT | INFO | app.log | HTTP Server listning on port 8081 | 
Mon, 11 Apr 2022 20:59:26 GMT | INFO | app.log | HTTP Server listning on port 8081 | 
Mon, 11 Apr 2022 20:59:35 GMT | INFO | app.log | HTTP Server listning on port 8081 | 
Mon, 11 Apr 2022 21:01:02 GMT | INFO | app.log | HTTP Server listning on port 8081 | 
Mon, 11 Apr 2022 21:02:16 GMT | INFO | app.log | HTTP Server listning on port 8081 | 
Tue, 12 Apr 2022 17:24:02 GMT | INFO | app.log | HTTP Server listning on port 8081 | 
Tue, 12 Apr 2022 19:56:45 GMT | INFO | app.log | HTTP Server listning on port 8081 | 
Tue, 12 Apr 2022 19:57:12 GMT | INFO | app.log | HTTP Server listning on port 8081 | 
Tue, 12 Apr 2022 19:57:28 GMT | INFO | app.log | HTTP Server listning on port 8081 | 
Tue, 12 Apr 2022 19:57:37 GMT | INFO | app.log | HTTP Server listning on port 8081 | 
Tue, 12 Apr 2022 19:57:44 GMT | INFO | app.log | HTTP Server listning on port 8081 | 
Tue, 12 Apr 2022 19:58:10 GMT | INFO | app.log | HTTP Server listning on port 8081 | 
Tue, 12 Apr 2022 20:00:30 GMT | INFO | app.log | HTTP Server listning on port 8081 | 
Tue, 12 Apr 2022 20:00:35 GMT | INFO | app.log | HTTP Server listning on port 8081 | 
Tue, 12 Apr 2022 20:06:43 GMT | INFO | app.log | HTTP Server listning on port 8081 | 
Tue, 12 Apr 2022 20:07:50 GMT | INFO | app.log | HTTP Server listning on port 8081 | 
Tue, 12 Apr 2022 20:07:59 GMT | INFO | app.log | HTTP Server listning on port 8081 | 
Tue, 12 Apr 2022 20:08:22 GMT | INFO | app.log | HTTP Server listning on port 8081 | 
Tue, 12 Apr 2022 20:08:44 GMT | INFO | app.log | HTTP Server listning on port 8081 | 
Tue, 12 Apr 2022 20:10:10 GMT | INFO | app.log | HTTP Server listning on port 8081 | 
Tue, 12 Apr 2022 20:10:22 GMT | INFO | app.log | HTTP Server listning on port 8081 | 
Tue, 12 Apr 2022 20:11:37 GMT | INFO | app.log | HTTP Server listning on port 8081 | 
Tue, 12 Apr 2022 20:11:56 GMT | INFO | app.log | HTTP Server listning on port 8081 | 
Tue, 12 Apr 2022 20:12:03 GMT | INFO | app.log | HTTP Server listning on port 8081 | 
Tue, 12 Apr 2022 20:12:17 GMT | INFO | app.log | HTTP Server listning on port 8081 | 
Tue, 12 Apr 2022 20:12:31 GMT | INFO | app.log | HTTP Server listning on port 8081 | 
Tue, 12 Apr 2022 20:12:42 GMT | INFO | app.log | HTTP Server listning on port 8081 | 
Tue, 12 Apr 2022 20:12:46 GMT | INFO | app.log | HTTP Server listning on port 8081 | 
Tue, 12 Apr 2022 20:12:57 GMT | INFO | app.log | HTTP Server listning on port 8081 | 
Tue, 12 Apr 2022 20:13:02 GMT | INFO | app.log | HTTP Server listning on port 8081 | 
Tue, 12 Apr 2022 20:13:35 GMT | INFO | app.log | HTTP Server listning on port 8081 | 
Tue, 12 Apr 2022 20:13:46 GMT | INFO | app.log | HTTP Server listning on port 8081 | 
Tue, 12 Apr 2022 20:14:00 GMT | INFO | app.log | HTTP Server listning on port 8081 | 
Tue, 12 Apr 2022 20:14:06 GMT | INFO | app.log | HTTP Server listning on port 8081 | 
Tue, 12 Apr 2022 20:14:28 GMT | INFO | app.log | HTTP Server listning on port 8081 | 
Tue, 12 Apr 2022 20:15:35 GMT | INFO | app.log | HTTP Server listning on port 8081 | 
Tue, 12 Apr 2022 20:15:39 GMT | INFO | app.log | HTTP Server listning on port 8081 | 
Tue, 12 Apr 2022 20:15:45 GMT | INFO | app.log | HTTP Server listning on port 8081 | 
Tue, 12 Apr 2022 20:16:00 GMT | INFO | app.log | HTTP Server listning on port 8081 | 
Wed, 20 Apr 2022 20:07:09 GMT | INFO | app.log | HTTP Server listning on port 8081 | 
Wed, 20 Apr 2022 20:07:53 GMT | INFO | app.log | HTTP Server listning on port 8081 | 
Wed, 20 Apr 2022 20:08:57 GMT | INFO | app.log | HTTP Server listning on port 8081 | 
Wed, 20 Apr 2022 20:09:23 GMT | INFO | app.log | HTTP Server listning on port 8081 | 
Wed, 20 Apr 2022 20:09:31 GMT | INFO | app.log | HTTP Server listning on port 8081 | 
Wed, 20 Apr 2022 20:09:49 GMT | INFO | app.log | HTTP Server listning on port 8081 | 
Wed, 20 Apr 2022 20:11:03 GMT | INFO | app.log | HTTP Server listning on port 8081 | 
Wed, 20 Apr 2022 20:11:11 GMT | INFO | app.log | HTTP Server listning on port 8081 | 
Wed, 20 Apr 2022 20:11:47 GMT | INFO | app.log | HTTP Server listning on port 8081 | 
Wed, 20 Apr 2022 20:12:27 GMT | INFO | app.log | HTTP Server listning on port 8081 | 
Wed, 20 Apr 2022 20:14:49 GMT | INFO | app.log | HTTP Server listning on port 8081 | 
Wed, 20 Apr 2022 20:17:39 GMT | INFO | app.log | HTTP Server listning on port 8081 | 
Wed, 20 Apr 2022 20:17:56 GMT | INFO | app.log | HTTP Server listning on port 8081 | 
Wed, 20 Apr 2022 20:18:24 GMT | INFO | app.log | HTTP Server listning on port 8081 | 
Wed, 20 Apr 2022 20:20:08 GMT | INFO | app.log | HTTP Server listning on port 8081 | 
Wed, 20 Apr 2022 20:21:26 GMT | INFO | app.log | HTTP Server listning on port 8081 | 
Wed, 20 Apr 2022 20:21:47 GMT | INFO | app.log | HTTP Server listning on port 8081 | 
Wed, 20 Apr 2022 20:22:48 GMT | INFO | app.log | HTTP Server listning on port 8081 | 
Wed, 20 Apr 2022 20:22:58 GMT | INFO | app.log | HTTP Server listning on port 8081 | 
Wed, 20 Apr 2022 20:23:08 GMT | INFO | app.log | HTTP Server listning on port 8081 | 
Wed, 20 Apr 2022 20:23:25 GMT | INFO | app.log | HTTP Server listning on port 8081 | 
Wed, 20 Apr 2022 20:24:08 GMT | INFO | app.log | HTTP Server listning on port 8081 | 
Wed, 20 Apr 2022 20:24:18 GMT | INFO | app.log | HTTP Server listning on port 8081 | 
Wed, 20 Apr 2022 20:24:28 GMT | INFO | app.log | HTTP Server listning on port 8081 | 
Wed, 20 Apr 2022 20:24:53 GMT | INFO | app.log | HTTP Server listning on port 8081 | 
Wed, 20 Apr 2022 20:25:29 GMT | INFO | app.log | HTTP Server listning on port 8081 | 
Wed, 20 Apr 2022 20:25:34 GMT | INFO | app.log | HTTP Server listning on port 8081 | 
Wed, 20 Apr 2022 20:25:38 GMT | INFO | app.log | HTTP Server listning on port 8081 | 
Wed, 20 Apr 2022 20:25:52 GMT | INFO | app.log | HTTP Server listning on port 8081 | 
Wed, 20 Apr 2022 20:26:07 GMT | INFO | app.log | HTTP Server listning on port 8081 | 
Wed, 20 Apr 2022 20:26:13 GMT | INFO | app.log | HTTP Server listning on port 8081 | 
Wed, 20 Apr 2022 20:26:17 GMT | INFO | app.log | HTTP Server listning on port 8081 | 
Wed, 20 Apr 2022 20:26:29 GMT | INFO | app.log | HTTP Server listning on port 8081 | 
Wed, 20 Apr 2022 20:26:33 GMT | INFO | app.log | HTTP Server listning on port 8081 | 
Wed, 20 Apr 2022 20:27:06 GMT | INFO | app.log | HTTP Server listning on port 8081 | 
Wed, 20 Apr 2022 20:27:17 GMT | INFO | app.log | HTTP Server listning on port 8081 | 
Wed, 20 Apr 2022 20:27:20 GMT | INFO | app.log | HTTP Server listning on port 8081 | 
Wed, 20 Apr 2022 20:27:35 GMT | INFO | app.log | HTTP Server listning on port 8081 | 
Wed, 20 Apr 2022 20:27:50 GMT | INFO | app.log | HTTP Server listning on port 8081 | 
Wed, 20 Apr 2022 20:27:57 GMT | INFO | app.log | HTTP Server listning on port 8081 | 
Wed, 20 Apr 2022 20:28:00 GMT | INFO | app.log | HTTP Server listning on port 8081 | 
Wed, 20 Apr 2022 20:28:15 GMT | INFO | app.log | HTTP Server listning on port 8081 | 
Wed, 20 Apr 2022 20:29:06 GMT | INFO | app.log | HTTP Server listning on port 8081 | 
Wed, 20 Apr 2022 20:29:24 GMT | INFO | app.log | HTTP Server listning on port 8081 | 
Wed, 20 Apr 2022 20:30:06 GMT | INFO | app.log | HTTP Server listning on port 8081 | 
Wed, 20 Apr 2022 20:30:27 GMT | INFO | app.log | HTTP Server listning on port 8081 | 
Wed, 20 Apr 2022 20:30:33 GMT | INFO | app.log | HTTP Server listning on port 8081 | 
Wed, 20 Apr 2022 20:30:59 GMT | INFO | app.log | HTTP Server listning on port 8081 | 
Wed, 20 Apr 2022 20:31:29 GMT | INFO | app.log | HTTP Server listning on port 8081 | 
Wed, 20 Apr 2022 20:32:02 GMT | INFO | app.log | HTTP Server listning on port 8081 | 
Wed, 20 Apr 2022 20:32:07 GMT | INFO | app.log | HTTP Server listning on port 8081 | 
Wed, 20 Apr 2022 20:32:14 GMT | INFO | app.log | HTTP Server listning on port 8081 | 
Wed, 20 Apr 2022 20:32:28 GMT | INFO | app.log | HTTP Server listning on port 8081 | 
Wed, 20 Apr 2022 20:49:22 GMT | INFO | app.log | HTTP Server listning on port 8081 | 
Wed, 20 Apr 2022 20:49:43 GMT | INFO | app.log | HTTP Server listning on port 8081 | 
Wed, 20 Apr 2022 20:51:06 GMT | INFO | app.log | HTTP Server listning on port 8081 | 
Wed, 20 Apr 2022 20:51:19 GMT | INFO | app.log | HTTP Server listning on port 8081 | 
Wed, 20 Apr 2022 21:02:23 GMT | INFO | app.log | HTTP Server listning on port 8081 | 
Mon, 02 May 2022 16:11:29 GMT | INFO | app.log | HTTP Server listning on port 8081 | 
Tue, 03 May 2022 18:00:49 GMT | INFO | app.log | HTTP Server listning on port 8081 | 
Tue, 03 May 2022 18:01:48 GMT | INFO | app.log | HTTP Server listning on port 8081 | 
Tue, 03 May 2022 18:01:52 GMT | INFO | app.log | HTTP Server listning on port 8081 | 
Tue, 03 May 2022 18:01:57 GMT | INFO | app.log | HTTP Server listning on port 8081 | 
Tue, 03 May 2022 18:16:56 GMT | INFO | app.log | HTTP Server listning on port 8081 | 
Tue, 03 May 2022 18:17:54 GMT | INFO | app.log | HTTP Server listning on port 8081 | 
